Build started 5/24/2016 9:47:18 AM.
     1>Project "\\dav.edu\students\HS17$\dccrane87\my documents\visual studio 2013\Projects\Final Project\Final Project\Final Project.vcxproj" on node 2 (Build target(s)).
     1>ClCompile:
         C:\Program Files (x86)\Microsoft Visual Studio 12.0\VC\bin\CL.exe /c /Zi /nologo /W3 /WX- /sdl /O2 /Oi /Oy- /GL /D _MBCS /Gm- /EHsc /MD /GS /Gy /fp:precise /Zc:wchar_t /Zc:forScope /Fo"Release\\" /Fd"Release\vc120.pdb" /Gd /TP /analyze- /errorReport:prompt Entity.cpp Game.cpp Item.cpp main.cpp Monster.cpp Player.cpp
         Entity.cpp
     1>Entity.cpp(87): warning C4244: 'return' : conversion from 'double' to 'int', possible loss of data
     1>Entity.cpp(91): warning C4244: 'return' : conversion from 'double' to 'int', possible loss of data
         Game.cpp
     1>Game.cpp(87): warning C4244: 'argument' : conversion from 'time_t' to 'unsigned int', possible loss of data
     1>Game.cpp(379): warning C4244: 'argument' : conversion from 'double' to 'int', possible loss of data
         Item.cpp
     1>Item.cpp(32): warning C4244: 'argument' : conversion from 'double' to 'int', possible loss of data
     1>Item.cpp(38): warning C4244: 'argument' : conversion from 'double' to 'int', possible loss of data
         main.cpp
         Monster.cpp
         Player.cpp
       Link:
         C:\Program Files (x86)\Microsoft Visual Studio 12.0\VC\bin\link.exe /ERRORREPORT:PROMPT /OUT:"\\dav.edu\students\hs17$\dccrane87\my documents\visual studio 2013\Projects\Final Project\Release\Final Project.exe" /NOLOGO kernel32.lib user32.lib gdi32.lib winspool.lib comdlg32.lib advapi32.lib shell32.lib ole32.lib oleaut32.lib uuid.lib odbc32.lib odbccp32.lib /MANIFEST /MANIFESTUAC:"level='asInvoker' uiAccess='false'" /manifest:embed /DEBUG /PDB:"\\dav.edu\students\hs17$\dccrane87\my documents\visual studio 2013\Projects\Final Project\Release\Final Project.pdb" /OPT:REF /OPT:ICF /LTCG /TLBID:1 /DYNAMICBASE /NXCOMPAT /IMPLIB:"\\dav.edu\students\hs17$\dccrane87\my documents\visual studio 2013\Projects\Final Project\Release\Final Project.lib" /MACHINE:X86 /SAFESEH Release\Entity.obj
         Release\Game.obj
         Release\Item.obj
         Release\main.obj
         Release\Monster.obj
         Release\Player.obj
         Generating code
         Finished generating code
         Final Project.vcxproj -> \\dav.edu\students\hs17$\dccrane87\my documents\visual studio 2013\Projects\Final Project\Release\Final Project.exe
     1>Done Building Project "\\dav.edu\students\HS17$\dccrane87\my documents\visual studio 2013\Projects\Final Project\Final Project\Final Project.vcxproj" (Build target(s)).

Build succeeded.

Time Elapsed 00:00:06.58
